18:12:32 **** Incremental Build of configuration Debug for project MCU2_Motor ****
make all 
Building file: ../main.c
Invoking: AVR Compiler
avr-gcc -Wall -g2 -gstabs -O0 -fpack-struct -fshort-enums -ffunction-sections -fdata-sections -std=gnu99 -funsigned-char -funsigned-bitfields -mmcu=atmega16 -DF_CPU=1000000UL -MMD -MP -MF"main.d" -MT"main.o" -c -o "main.o" "../main.c"
Finished building: ../main.c
 
Building target: MCU2_Motor.elf
Invoking: AVR C Linker
avr-gcc -Wl,-Map,MCU2_Motor.map -mmcu=atmega16 -o "MCU2_Motor.elf"  ./UART.o ./main.o   
Finished building target: MCU2_Motor.elf
 
Invoking: AVR Create Extended Listing
avr-objdump -h -S MCU2_Motor.elf  >"MCU2_Motor.lss"
Finished building: MCU2_Motor.lss
 
Invoking: Print Size
avr-size --format=avr --mcu=atmega16 MCU2_Motor.elf
AVR Memory Usage
----------------
Device: atmega16

Program:     624 bytes (3.8% Full)
(.text + .data + .bootloader)

Data:          2 bytes (0.2% Full)
(.data + .bss + .noinit)


Finished building: sizedummy
 
